This file contains any messages produced by compilers while
running configure, to aid debugging if configure makes a mistake.

It was created by epg configure 0.0.16, which was
generated by GNU Autoconf 2.61.  Invocation command line was

  $ ./configure 

## --------- ##
## Platform. ##
## --------- ##

hostname = ziefmac.lan
uname -m = i386
uname -r = 9.6.0
uname -s = Darwin
uname -v = Darwin Kernel Version 9.6.0: Mon Nov 24 17:37:00 PST 2008; root:xnu-1228.9.59~1/RELEASE_I386

/usr/bin/uname -p = i386
/bin/uname -X     = unknown

/bin/arch              = unknown
/usr/bin/arch -k       = unknown
/usr/convex/getsysinfo = unknown
/usr/bin/hostinfo      = Mach kernel version:
	 Darwin Kernel Version 9.6.0: Mon Nov 24 17:37:00 PST 2008; root:xnu-1228.9.59~1/RELEASE_I386
Kernel configured for up to 2 processors.
2 processors are physically available.
2 processors are logically available.
Processor type: i486 (Intel 80486)
Processors active: 0 1
Primary memory available: 2.00 gigabytes
Default processor set: 70 tasks, 296 threads, 2 processors
Load average: 1.05, Mach factor: 0.94
/bin/machine           = unknown
/usr/bin/oslevel       = unknown
/bin/universe          = unknown

PATH: /opt/local/bin
PATH: /usr/bin
PATH: /bin
PATH: /usr/sbin
PATH: /sbin
PATH: /usr/local/bin
PATH: /usr/X11/bin
PATH: /usr/local/git/bin


## ----------- ##
## Core tests. ##
## ----------- ##

configure:1719: checking for a BSD-compatible install
configure:1775: result: /opt/local/bin/ginstall -c
configure:1786: checking whether build environment is sane
configure:1829: result: yes
configure:1853: WARNING: `missing' script is too old or missing
configure:1857: checking for a thread-safe mkdir -p
configure:1896: result: /opt/local/bin/mkdir -p
configure:1909: checking for gawk
configure:1939: result: no
configure:1909: checking for mawk
configure:1939: result: no
configure:1909: checking for nawk
configure:1939: result: no
configure:1909: checking for awk
configure:1925: found /usr/bin/awk
configure:1936: result: awk
configure:1947: checking whether make sets $(MAKE)
configure:1968: result: yes
configure:2340: checking for emacs
configure:2356: found /usr/bin/emacs
configure:2367: result: emacs
configure:2384: checking what flavor does emacs have
emacs -batch -eval '(let ((x (cond ((featurep (quote xemacs)) "XEmacs") ((boundp (quote MULE)) "MULE") (t "FSF Emacs")))) (write-region (if (stringp x) (princ x) (prin1-to-string x)) nil "./conftest-1471" nil 5))'
FSF Emacs=> FSF Emacs
configure:2425: result: FSF Emacs
configure:2428: checking prefix for your Emacs
emacs -batch -eval '(let ((x (expand-file-name ".." invocation-directory))) (write-region (if (stringp x) (princ x) (prin1-to-string x)) nil "./conftest-1471" nil 5))'
/usr=> /usr
configure:2457: result: /usr
configure:2466: checking where lisp files should go
configure:2488: result: $(prefix)/share/emacs/site-lisp/
configure:2614: checking for gpg
configure:2632: found /opt/local/bin/gpg
configure:2644: result: /opt/local/bin/gpg
configure:2676: checking for GnuPG >= 1.4.3
configure:2709: result: yes
configure:2879: creating ./config.status

## ---------------------- ##
## Running config.status. ##
## ---------------------- ##

This file was extended by epg config.status 0.0.16, which was
generated by GNU Autoconf 2.61.  Invocation command line was

  CONFIG_FILES    = 
  CONFIG_HEADERS  = 
  CONFIG_LINKS    = 
  CONFIG_COMMANDS = 
  $ ./config.status 

on ziefmac.lan

config.status:599: creating Makefile
config.status:599: creating epg-package-info.el

## ---------------- ##
## Cache variables. ##
## ---------------- ##

EMACS_cv_SYS_flavor='FSF Emacs'
EMACS_cv_SYS_prefix=/usr
ac_cv_env_build_alias_set=
ac_cv_env_build_alias_value=
ac_cv_env_host_alias_set=
ac_cv_env_host_alias_value=
ac_cv_env_target_alias_set=
ac_cv_env_target_alias_value=
ac_cv_path_GPG=/opt/local/bin/gpg
ac_cv_path_install='/opt/local/bin/ginstall -c'
ac_cv_path_mkdir=/opt/local/bin/mkdir
ac_cv_prog_AWK=awk
ac_cv_prog_EMACS=emacs
ac_cv_prog_make_make_set=yes

## ----------------- ##
## Output variables. ##
## ----------------- ##

ACLOCAL='aclocal-1.10'
AMTAR='tar'
AUTOCONF='autoconf'
AUTOHEADER='autoheader'
AUTOMAKE='automake-1.10'
AWK='awk'
CYGPATH_W='echo'
DEFS='-DPACKAGE_NAME=\"epg\" -DPACKAGE_TARNAME=\"epg\" -DPACKAGE_VERSION=\"0.0.16\" -DPACKAGE_STRING=\"epg\ 0.0.16\" -DPACKAGE_BUGREPORT=\"ueno@unixuser.org\" -DPACKAGE=\"epg\" -DVERSION=\"0.0.16\" -DGPG_PATH=\"/opt/local/bin/gpg\"'
ECHO_C='ECHO_N=''
ECHO_T=''
EMACS='emacs'
GPG='/opt/local/bin/gpg'
GPG_PATH=''
INSTALL_DATA='${INSTALL} -m 644'
INSTALL_PROGRAM='${INSTALL}'
INSTALL_SCRIPT='${INSTALL}'
INSTALL_STRIP_PROGRAM='$(install_sh) -c -s'
LIBOBJS=''
LIBS=''
LTLIBOBJS=''
MAKEINFO='makeinfo'
PACKAGE='epg'
PACKAGEDIR=''
PACKAGE_BUGREPORT='ueno@unixuser.org'
PACKAGE_NAME='epg'
PACKAGE_STRING='epg 0.0.16'
PACKAGE_TARNAME='epg'
PACKAGE_VERSION='0.0.16'
PATH_SEPARATOR=':'
RUN_GPG_TESTS_FALSE='#'
RUN_GPG_TESTS_TRUE=''
SET_MAKE=''
SHELL='/bin/sh'
STRIP=''
VERSION='0.0.16'
XEMACS='xemacs'
XEMACS_FALSE=''
XEMACS_TRUE='#'
am__isrc=''
am__leading_dot='.'
am__tar='${AMTAR} chof - "$$tardir"'
am__untar='${AMTAR} xf -'
bindir='${exec_prefix}/bin'
build_alias=''
datadir='${datarootdir}'
datarootdir='${prefix}/share'
docdir='${datarootdir}/doc/${PACKAGE_TARNAME}'
dvidir='${docdir}'
exec_prefix='${prefix}'
host_alias=''
htmldir='${docdir}'
includedir='${prefix}/include'
infodir='${datarootdir}/info'
install_sh='$(SHELL) /Volumes/NO NAME/.emacs.d/lisp/epg/install-sh'
libdir='${exec_prefix}/lib'
libexecdir='${exec_prefix}/libexec'
lispdir='$(prefix)/share/emacs/site-lisp/'
localedir='${datarootdir}/locale'
localstatedir='${prefix}/var'
mandir='${datarootdir}/man'
mkdir_p='/opt/local/bin/mkdir -p'
oldincludedir='/usr/include'
pdfdir='${docdir}'
prefix='/usr'
program_transform_name='s,x,x,'
psdir='${docdir}'
sbindir='${exec_prefix}/sbin'
sharedstatedir='${prefix}/com'
sysconfdir='${prefix}/etc'
target_alias=''

## ----------- ##
## confdefs.h. ##
## ----------- ##

#define PACKAGE_NAME "epg"
#define PACKAGE_TARNAME "epg"
#define PACKAGE_VERSION "0.0.16"
#define PACKAGE_STRING "epg 0.0.16"
#define PACKAGE_BUGREPORT "ueno@unixuser.org"
#define PACKAGE "epg"
#define VERSION "0.0.16"
#define GPG_PATH "/opt/local/bin/gpg"

configure: exit 0
